This is pdfTeX, Version 3.1415926-1.40.11 (TeX Live 2010) (format=pdflatex 2014.8.20)  11 DEC 2014 19:56
entering extended mode
 restricted \write18 enabled.
 %&-line parsing enabled.
**main.tex
(./main.tex
LaTeX2e <2009/09/24>
Babel <v3.8l> and hyphenation patterns for english, dumylang, nohyphenation, ge
rman-x-2009-06-19, ngerman-x-2009-06-19, ancientgreek, ibycus, arabic, armenian
, basque, bulgarian, catalan, pinyin, coptic, croatian, czech, danish, dutch, u
kenglish, usenglishmax, esperanto, estonian, farsi, finnish, french, galician, 
german, ngerman, swissgerman, monogreek, greek, hungarian, icelandic, assamese,
 bengali, gujarati, hindi, kannada, malayalam, marathi, oriya, panjabi, tamil, 
telugu, indonesian, interlingua, irish, italian, kurmanji, lao, latin, latvian,
 lithuanian, mongolian, mongolianlmc, bokmal, nynorsk, polish, portuguese, roma
nian, russian, sanskrit, serbian, slovak, slovenian, spanish, swedish, turkish,
 turkmen, ukrainian, uppersorbian, welsh, loaded.
(/usr/local/texlive/2010/texmf-dist/tex/latex/base/report.cls
Document Class: report 2007/10/19 v1.4h Standard LaTeX document class
(/usr/local/texlive/2010/texmf-dist/tex/latex/base/size10.clo
File: size10.clo 2007/10/19 v1.4h Standard LaTeX file (size option)
)
\c@part=\count79
\c@chapter=\count80
\c@section=\count81
\c@subsection=\count82
\c@subsubsection=\count83
\c@paragraph=\count84
\c@subparagraph=\count85
\c@figure=\count86
\c@table=\count87
\abovecaptionskip=\skip41
\belowcaptionskip=\skip42
\bibindent=\dimen102
)
(/usr/local/texlive/2010/texmf-dist/tex/latex/base/makeidx.sty
Package: makeidx 2000/03/29 v1.0m Standard LaTeX package
)
(/usr/local/texlive/2010/texmf-dist/tex/latex/graphics/graphicx.sty
Package: graphicx 1999/02/16 v1.0f Enhanced LaTeX Graphics (DPC,SPQR)

(/usr/local/texlive/2010/texmf-dist/tex/latex/graphics/keyval.sty
Package: keyval 1999/03/16 v1.13 key=value parser (DPC)
\KV@toks@=\toks14
)
(/usr/local/texlive/2010/texmf-dist/tex/latex/graphics/graphics.sty
Package: graphics 2009/02/05 v1.0o Standard LaTeX Graphics (DPC,SPQR)

(/usr/local/texlive/2010/texmf-dist/tex/latex/graphics/trig.sty
Package: trig 1999/03/16 v1.09 sin cos tan (DPC)
)
(/usr/local/texlive/2010/texmf-dist/tex/latex/latexconfig/graphics.cfg
File: graphics.cfg 2010/04/23 v1.9 graphics configuration of TeX Live
)
Package graphics Info: Driver file: pdftex.def on input line 91.

(/usr/local/texlive/2010/texmf-dist/tex/latex/pdftex-def/pdftex.def
File: pdftex.def 2010/02/14 v0.04n Graphics/color for pdfTeX
\Gread@gobject=\count88
))
\Gin@req@height=\dimen103
\Gin@req@width=\dimen104
)
(/usr/local/texlive/2010/texmf-dist/tex/latex/tools/multicol.sty
Package: multicol 2008/12/05 v1.6h multicolumn formatting (FMi)
\c@tracingmulticols=\count89
\mult@box=\box26
\multicol@leftmargin=\dimen105
\c@unbalance=\count90
\c@collectmore=\count91
\doublecol@number=\count92
\multicoltolerance=\count93
\multicolpretolerance=\count94
\full@width=\dimen106
\page@free=\dimen107
\premulticols=\dimen108
\postmulticols=\dimen109
\multicolsep=\skip43
\multicolbaselineskip=\skip44
\partial@page=\box27
\last@line=\box28
\mult@rightbox=\box29
\mult@grightbox=\box30
\mult@gfirstbox=\box31
\mult@firstbox=\box32
\@tempa=\box33
\@tempa=\box34
\@tempa=\box35
\@tempa=\box36
\@tempa=\box37
\@tempa=\box38
\@tempa=\box39
\@tempa=\box40
\@tempa=\box41
\@tempa=\box42
\@tempa=\box43
\@tempa=\box44
\@tempa=\box45
\@tempa=\box46
\@tempa=\box47
\@tempa=\box48
\@tempa=\box49
\c@columnbadness=\count95
\c@finalcolumnbadness=\count96
\last@try=\dimen110
\multicolovershoot=\dimen111
\multicolundershoot=\dimen112
\mult@nat@firstbox=\box50
\colbreak@box=\box51
)
(/usr/local/texlive/2010/texmf-dist/tex/latex/footmisc/footmisc.sty
Package: footmisc 2009/09/15 v5.5a a miscellany of footnote facilities
\FN@temptoken=\toks15
\footnotemargin=\dimen113
\c@pp@next@reset=\count97
Package footmisc Info: Declaring symbol style bringhurst on input line 855.
Package footmisc Info: Declaring symbol style chicago on input line 863.
Package footmisc Info: Declaring symbol style wiley on input line 872.
Package footmisc Info: Declaring symbol style lamport-robust on input line 883.

Package footmisc Info: Declaring symbol style lamport* on input line 903.
Package footmisc Info: Declaring symbol style lamport*-robust on input line 924
.
)
(/usr/local/texlive/2010/texmf-dist/tex/latex/wrapfig/wrapfig.sty
\wrapoverhang=\dimen114
\WF@size=\dimen115
\c@WF@wrappedlines=\count98
\WF@box=\box52
\WF@everypar=\toks16
Package: wrapfig 2003/01/31  v 3.6
)
(/usr/local/texlive/2010/texmf-dist/tex/latex/graphics/color.sty
Package: color 2005/11/14 v1.0j Standard LaTeX Color (DPC)

(/usr/local/texlive/2010/texmf-dist/tex/latex/latexconfig/color.cfg
File: color.cfg 2007/01/18 v1.5 color configuration of teTeX/TeXLive
)
Package color Info: Driver file: pdftex.def on input line 130.
)
(/usr/local/texlive/2010/texmf-dist/tex/latex/fancyvrb/fancyvrb.sty
Package: fancyvrb 2008/02/07

Style option: `fancyvrb' v2.7a, with DG/SPQR fixes, and firstline=lastline fix 
<2008/02/07> (tvz)
\FV@CodeLineNo=\count99
\FV@InFile=\read1
\FV@TabBox=\box53
\c@FancyVerbLine=\count100
\FV@StepNumber=\count101
\FV@OutFile=\write3
)
(/usr/local/texlive/2010/texmf-dist/tex/latex/listings/listings.sty
\lst@mode=\count102
\lst@gtempboxa=\box54
\lst@token=\toks17
\lst@length=\count103
\lst@currlwidth=\dimen116
\lst@column=\count104
\lst@pos=\count105
\lst@lostspace=\dimen117
\lst@width=\dimen118
\lst@newlines=\count106
\lst@lineno=\count107
\lst@maxwidth=\dimen119

(/usr/local/texlive/2010/texmf-dist/tex/latex/listings/lstmisc.sty
File: lstmisc.sty 2007/02/22 1.4 (Carsten Heinz)
\c@lstnumber=\count108
\lst@skipnumbers=\count109
\lst@framebox=\box55
)
(/usr/local/texlive/2010/texmf-dist/tex/latex/listings/listings.cfg
File: listings.cfg 2007/02/22 1.4 listings configuration
))
Package: listings 2007/02/22 1.4 (Carsten Heinz)

(/usr/local/texlive/2010/texmf-dist/tex/latex/tools/verbatim.sty
Package: verbatim 2003/08/22 v1.5q LaTeX2e package for verbatim enhancements
\every@verbatim=\toks18
\verbatim@line=\toks19
\verbatim@in@stream=\read2
)
(/usr/local/texlive/2010/texmf-dist/tex/latex/base/alltt.sty
Package: alltt 1997/06/16 v2.0g defines alltt environment
)
(/usr/local/texlive/2010/texmf-dist/tex/generic/genmisc/nth.sty
Package: nth 2002/02/27
)
(/usr/local/texlive/2010/texmf-dist/tex/latex/url/url.sty
\Urlmuskip=\muskip10
Package: url 2006/04/12  ver 3.3  Verb mode for urls, etc.
)
(/usr/local/texlive/2010/texmf-dist/tex/latex/amsmath/amsmath.sty
Package: amsmath 2000/07/18 v2.13 AMS math features
\@mathmargin=\skip45

For additional information on amsmath, use the `?' option.
(/usr/local/texlive/2010/texmf-dist/tex/latex/amsmath/amstext.sty
Package: amstext 2000/06/29 v2.01

(/usr/local/texlive/2010/texmf-dist/tex/latex/amsmath/amsgen.sty
File: amsgen.sty 1999/11/30 v2.0
\@emptytoks=\toks20
\ex@=\dimen120
))
(/usr/local/texlive/2010/texmf-dist/tex/latex/amsmath/amsbsy.sty
Package: amsbsy 1999/11/29 v1.2d
\pmbraise@=\dimen121
)
(/usr/local/texlive/2010/texmf-dist/tex/latex/amsmath/amsopn.sty
Package: amsopn 1999/12/14 v2.01 operator names
)
\inf@bad=\count110
LaTeX Info: Redefining \frac on input line 211.
\uproot@=\count111
\leftroot@=\count112
LaTeX Info: Redefining \overline on input line 307.
\classnum@=\count113
\DOTSCASE@=\count114
LaTeX Info: Redefining \ldots on input line 379.
LaTeX Info: Redefining \dots on input line 382.
LaTeX Info: Redefining \cdots on input line 467.
\Mathstrutbox@=\box56
\strutbox@=\box57
\big@size=\dimen122
LaTeX Font Info:    Redeclaring font encoding OML on input line 567.
LaTeX Font Info:    Redeclaring font encoding OMS on input line 568.
\macc@depth=\count115
\c@MaxMatrixCols=\count116
\dotsspace@=\muskip11
\c@parentequation=\count117
\dspbrk@lvl=\count118
\tag@help=\toks21
\row@=\count119
\column@=\count120
\maxfields@=\count121
\andhelp@=\toks22
\eqnshift@=\dimen123
\alignsep@=\dimen124
\tagshift@=\dimen125
\tagwidth@=\dimen126
\totwidth@=\dimen127
\lineht@=\dimen128
\@envbody=\toks23
\multlinegap=\skip46
\multlinetaggap=\skip47
\mathdisplay@stack=\toks24
LaTeX Info: Redefining \[ on input line 2666.
LaTeX Info: Redefining \] on input line 2667.
)
(/usr/local/texlive/2010/texmf-dist/tex/latex/cancel/cancel.sty
Package: cancel 2000/03/12 v2.1 Cancel math terms
)
(/usr/local/texlive/2010/texmf-dist/tex/latex/xcolor/xcolor.sty
Package: xcolor 2007/01/21 v2.11 LaTeX color extensions (UK)

(/usr/local/texlive/2010/texmf-dist/tex/latex/latexconfig/color.cfg
File: color.cfg 2007/01/18 v1.5 color configuration of teTeX/TeXLive
)
Package xcolor Info: Driver file: pdftex.def on input line 225.

(/usr/local/texlive/2010/texmf-dist/tex/latex/colortbl/colortbl.sty
Package: colortbl 2001/02/13 v0.1j Color table columns (DPC)

(/usr/local/texlive/2010/texmf-dist/tex/latex/tools/array.sty
Package: array 2008/09/09 v2.4c Tabular extension package (FMi)
\col@sep=\dimen129
\extrarowheight=\dimen130
\NC@list=\toks25
\extratabsurround=\skip48
\backup@length=\skip49
)
\everycr=\toks26
\minrowclearance=\skip50
)
LaTeX Info: Redefining \color on input line 702.
\rownum=\count122
Package xcolor Info: Model `cmy' substituted by `cmy0' on input line 1337.
Package xcolor Info: Model `hsb' substituted by `rgb' on input line 1341.
Package xcolor Info: Model `RGB' extended on input line 1353.
Package xcolor Info: Model `HTML' substituted by `rgb' on input line 1355.
Package xcolor Info: Model `Hsb' substituted by `hsb' on input line 1356.
Package xcolor Info: Model `tHsb' substituted by `hsb' on input line 1357.
Package xcolor Info: Model `HSB' substituted by `hsb' on input line 1358.
Package xcolor Info: Model `Gray' substituted by `gray' on input line 1359.
Package xcolor Info: Model `wave' substituted by `hsb' on input line 1360.
)
(/usr/local/texlive/2010/texmf-dist/tex/latex/comment/comment.sty
\CommentStream=\write4

Excluding comment 'comment')
(/usr/local/texlive/2010/texmf-dist/tex/latex/pdfpages/pdfpages.sty
Package: pdfpages 2010/01/12 v0.4j Insert pages of external PDF documents (AM)

(/usr/local/texlive/2010/texmf-dist/tex/latex/base/ifthen.sty
Package: ifthen 2001/05/26 v1.1c Standard LaTeX ifthen package (DPC)
)
(/usr/local/texlive/2010/texmf-dist/tex/latex/tools/calc.sty
Package: calc 2007/08/22 v4.3 Infix arithmetic (KKT,FJ)
\calc@Acount=\count123
\calc@Bcount=\count124
\calc@Adimen=\dimen131
\calc@Bdimen=\dimen132
\calc@Askip=\skip51
\calc@Bskip=\skip52
LaTeX Info: Redefining \setlength on input line 76.
LaTeX Info: Redefining \addtolength on input line 77.
\calc@Ccount=\count125
\calc@Cskip=\skip53
)
(/usr/local/texlive/2010/texmf-dist/tex/latex/eso-pic/eso-pic.sty
Package: eso-pic 2010/06/08 v2.0b eso-pic (RN)

(/usr/local/texlive/2010/texmf-dist/tex/generic/oberdiek/atbegshi.sty
Package: atbegshi 2010/03/25 v1.12 At begin shipout hook (HO)

(/usr/local/texlive/2010/texmf-dist/tex/generic/oberdiek/infwarerr.sty
Package: infwarerr 2010/04/08 v1.3 Providing info/warning/message (HO)
)
(/usr/local/texlive/2010/texmf-dist/tex/generic/oberdiek/ltxcmds.sty
Package: ltxcmds 2010/04/26 v1.7 LaTeX kernel commands for general use (HO)
)
(/usr/local/texlive/2010/texmf-dist/tex/generic/oberdiek/ifpdf.sty
Package: ifpdf 2010/01/28 v2.1 Provides the ifpdf switch (HO)
Package ifpdf Info: pdfTeX in pdf mode detected.
)))
(/usr/local/texlive/2010/texmf-dist/tex/latex/pdfpages/pppdftex.def
File: pppdftex.def 2010/01/12 v0.4j Pdfpages driver for pdfTeX (AM)
)
\AM@pagebox=\box58
\AM@toc@title=\toks27
\c@AM@survey=\count126
\AM@templatesizebox=\box59
)
(/usr/local/texlive/2010/texmf-dist/tex/latex/hyperref/hyperref.sty
Package: hyperref 2010/06/18 v6.81g Hypertext links for LaTeX

(/usr/local/texlive/2010/texmf-dist/tex/generic/oberdiek/kvsetkeys.sty
Package: kvsetkeys 2010/03/01 v1.9 Key value parser (HO)

(/usr/local/texlive/2010/texmf-dist/tex/generic/oberdiek/etexcmds.sty
Package: etexcmds 2010/01/28 v1.3 Prefix for e-TeX command names (HO)
Package etexcmds Info: Could not find \expanded.
(etexcmds)             That can mean that you are not using pdfTeX 1.50 or
(etexcmds)             that some package has redefined \expanded.
(etexcmds)             In the latter case, load this package earlier.
))
(/usr/local/texlive/2010/texmf-dist/tex/generic/oberdiek/pdfescape.sty
Package: pdfescape 2010/03/01 v1.9 Provides hex, PDF name and string conversion
s (HO)

(/usr/local/texlive/2010/texmf-dist/tex/generic/oberdiek/pdftexcmds.sty
Package: pdftexcmds 2010/04/01 v0.9 Utility functions of pdfTeX for LuaTeX (HO)


(/usr/local/texlive/2010/texmf-dist/tex/generic/oberdiek/ifluatex.sty
Package: ifluatex 2010/03/01 v1.3 Provides the ifluatex switch (HO)
Package ifluatex Info: LuaTeX not detected.
)
Package pdftexcmds Info: LuaTeX not detected.
Package pdftexcmds Info: \pdf@primitive is available.
Package pdftexcmds Info: \pdf@ifprimitive is available.
))
(/usr/local/texlive/2010/texmf-dist/tex/generic/oberdiek/ifvtex.sty
Package: ifvtex 2010/03/01 v1.5 Switches for detecting VTeX and its modes (HO)
Package ifvtex Info: VTeX not detected.
)
(/usr/local/texlive/2010/texmf-dist/tex/generic/ifxetex/ifxetex.sty
Package: ifxetex 2009/01/23 v0.5 Provides ifxetex conditional
)
(/usr/local/texlive/2010/texmf-dist/tex/latex/oberdiek/hycolor.sty
Package: hycolor 2009/12/12 v1.6 Color options of hyperref/bookmark (HO)

(/usr/local/texlive/2010/texmf-dist/tex/latex/oberdiek/xcolor-patch.sty
Package: xcolor-patch 2009/12/12 xcolor patch
))
(/usr/local/texlive/2010/texmf-dist/tex/latex/oberdiek/letltxmacro.sty
Package: letltxmacro 2008/06/24 v1.3 Let assignment for LaTeX macros (HO)
)
\@linkdim=\dimen133
\Hy@linkcounter=\count127
\Hy@pagecounter=\count128

(/usr/local/texlive/2010/texmf-dist/tex/latex/hyperref/pd1enc.def
File: pd1enc.def 2010/06/18 v6.81g Hyperref: PDFDocEncoding definition (HO)
)
(/usr/local/texlive/2010/texmf-dist/tex/generic/oberdiek/intcalc.sty
Package: intcalc 2007/09/27 v1.1 Expandable integer calculations (HO)
)
(/usr/local/texlive/2010/texmf-dist/tex/latex/latexconfig/hyperref.cfg
File: hyperref.cfg 2002/06/06 v1.2 hyperref configuration of TeXLive
)
(/usr/local/texlive/2010/texmf-dist/tex/latex/oberdiek/kvoptions.sty
Package: kvoptions 2010/02/22 v3.7 Keyval support for LaTeX options (HO)
)
Package hyperref Info: Hyper figures OFF on input line 3658.
Package hyperref Info: Link nesting OFF on input line 3663.
Package hyperref Info: Hyper index ON on input line 3666.
Package hyperref Info: Plain pages OFF on input line 3673.
Package hyperref Info: Backreferencing OFF on input line 3678.

Implicit mode ON; LaTeX internals redefined
Package hyperref Info: Bookmarks ON on input line 3874.
LaTeX Info: Redefining \url on input line 4159.
(/usr/local/texlive/2010/texmf-dist/tex/generic/oberdiek/bitset.sty
Package: bitset 2007/09/28 v1.0 Data type bit set (HO)

(/usr/local/texlive/2010/texmf-dist/tex/generic/oberdiek/bigintcalc.sty
Package: bigintcalc 2007/11/11 v1.1 Expandable big integer calculations (HO)
))
\Fld@menulength=\count129
\Field@Width=\dimen134
\Fld@charsize=\dimen135
\Field@toks=\toks28
Package hyperref Info: Hyper figures OFF on input line 5137.
Package hyperref Info: Link nesting OFF on input line 5142.
Package hyperref Info: Hyper index ON on input line 5145.
Package hyperref Info: backreferencing OFF on input line 5152.
Package hyperref Info: Link coloring OFF on input line 5157.
Package hyperref Info: Link coloring with OCG OFF on input line 5162.
Package hyperref Info: PDF/A mode OFF on input line 5167.
LaTeX Info: Redefining \ref on input line 5207.
LaTeX Info: Redefining \pageref on input line 5211.
\Hy@abspage=\count130
\c@Item=\count131
\c@Hfootnote=\count132
)
* hyperref using default driver hpdftex *
(/usr/local/texlive/2010/texmf-dist/tex/latex/hyperref/hpdftex.def
File: hpdftex.def 2010/06/18 v6.81g Hyperref driver for pdfTeX

(/usr/local/texlive/2010/texmf-dist/tex/latex/oberdiek/atveryend.sty
Package: atveryend 2010/03/24 v1.5 Hooks at very end of document (HO)
Package atveryend Info: \enddocument detected (standard).
)
\Fld@listcount=\count133
\c@bookmark@seq@number=\count134

(/usr/local/texlive/2010/texmf-dist/tex/latex/oberdiek/rerunfilecheck.sty
Package: rerunfilecheck 2010/03/16 v1.6 Rerun checks for auxiliary files (HO)

(/usr/local/texlive/2010/texmf-dist/tex/generic/oberdiek/uniquecounter.sty
Package: uniquecounter 2009/12/18 v1.1 Provides unlimited unique counter (HO)
)
Package uniquecounter Info: New unique counter `rerunfilecheck' on input line 2
71.
)
\Hy@SectionHShift=\skip54
)
(/usr/local/texlive/2010/texmf-dist/tex/latex/tools/longtable.sty
Package: longtable 2004/02/01 v4.11 Multi-page Table package (DPC)
\LTleft=\skip55
\LTright=\skip56
\LTpre=\skip57
\LTpost=\skip58
\LTchunksize=\count135
\LTcapwidth=\dimen136
\LT@head=\box60
\LT@firsthead=\box61
\LT@foot=\box62
\LT@lastfoot=\box63
\LT@cols=\count136
\LT@rows=\count137
\c@LT@tables=\count138
\c@LT@chunks=\count139
\LT@p@ftn=\toks29
) (./main.aux
(./part1.aux) (./part2.aux) (./code.aux) (./part3.aux

LaTeX Warning: Label `part2' multiply defined.

) (./tables.aux))
\openout1 = `main.aux'.

LaTeX Font Info:    Checking defaults for OML/cmm/m/it on input line 32.
LaTeX Font Info:    ... okay on input line 32.
LaTeX Font Info:    Checking defaults for T1/cmr/m/n on input line 32.
LaTeX Font Info:    ... okay on input line 32.
LaTeX Font Info:    Checking defaults for OT1/cmr/m/n on input line 32.
LaTeX Font Info:    ... okay on input line 32.
LaTeX Font Info:    Checking defaults for OMS/cmsy/m/n on input line 32.
LaTeX Font Info:    ... okay on input line 32.
LaTeX Font Info:    Checking defaults for OMX/cmex/m/n on input line 32.
LaTeX Font Info:    ... okay on input line 32.
LaTeX Font Info:    Checking defaults for U/cmr/m/n on input line 32.
LaTeX Font Info:    ... okay on input line 32.
LaTeX Font Info:    Checking defaults for PD1/pdf/m/n on input line 32.
LaTeX Font Info:    ... okay on input line 32.

(/usr/local/texlive/2010/texmf-dist/tex/context/base/supp-pdf.mkii
[Loading MPS to PDF converter (version 2006.09.02).]
\scratchcounter=\count140
\scratchdimen=\dimen137
\scratchbox=\box64
\nofMPsegments=\count141
\nofMParguments=\count142
\everyMPshowfont=\toks30
\MPscratchCnt=\count143
\MPscratchDim=\dimen138
\MPnumerator=\count144
\everyMPtoPDFconversion=\toks31
) (/usr/local/texlive/2010/texmf-dist/tex/latex/oberdiek/epstopdf-base.sty
Package: epstopdf-base 2010/02/09 v2.5 Base part for package epstopdf

(/usr/local/texlive/2010/texmf-dist/tex/latex/oberdiek/grfext.sty
Package: grfext 2007/09/30 v1.0 Managing graphics extensions (HO)
)
Package grfext Info: Graphics extension search list:
(grfext)             [.png,.pdf,.jpg,.mps,.jpeg,.jbig2,.jb2,.PNG,.PDF,.JPG,.JPE
G,.JBIG2,.JB2,.eps]
(grfext)             \AppendGraphicsExtensions on input line 436.

(/usr/local/texlive/2010/texmf-dist/tex/latex/latexconfig/epstopdf-sys.cfg
File: epstopdf-sys.cfg 2010/07/13 v1.3 Configuration of (r)epstopdf for TeX Liv
e
))
\c@lstlisting=\count145
\AtBeginShipoutBox=\box65
Package hyperref Info: Link coloring OFF on input line 32.

(/usr/local/texlive/2010/texmf-dist/tex/latex/hyperref/nameref.sty
Package: nameref 2010/04/30 v2.40 Cross-referencing by name of section

(/usr/local/texlive/2010/texmf-dist/tex/latex/oberdiek/refcount.sty
Package: refcount 2008/08/11 v3.1 Data extraction from references (HO)
)
(/usr/local/texlive/2010/texmf-dist/tex/generic/oberdiek/gettitlestring.sty
Package: gettitlestring 2009/12/18 v1.3 Cleanup title references (HO)
)
\c@section@level=\count146
)
LaTeX Info: Redefining \ref on input line 32.
LaTeX Info: Redefining \pageref on input line 32.
LaTeX Info: Redefining \nameref on input line 32.

(./main.out) (./main.out)
\@outlinefile=\write5
\openout5 = `main.out'.

 [1

{/usr/local/texlive/2010/texmf-var/fonts/map/pdftex/updmap/pdftex.map}] (./main
.toc)
\tf@toc=\write6
\openout6 = `main.toc'.

pdfTeX warning (ext4): destination with the same identifier (name{page.1}) has 
been already used, duplicate ignored
<to be read again> 
                   \relax 
l.47 \newpage
              [1

]
\openout2 = `part1.aux'.

 (./part1.tex) [2

]
\openout2 = `part2.aux'.

 (./part2.tex
Overfull \hbox (2.42589pt too wide) in paragraph at lines 39--39
[]|\OT1/cmr/bx/n/9 Predicted| 
 []


Underfull \hbox (badness 1454) in paragraph at lines 43--43
[]|\OT1/cmr/m/n/9 Polki Di-a-mond Lak-shmi Chand-
 []


Underfull \hbox (badness 10000) in paragraph at lines 47--47
[]|\OT1/cmr/m/n/9 Black Di-a-monds Man-gal-su-tra
 []


Overfull \hbox (2.30669pt too wide) in paragraph at lines 57--58
[]|\OT1/cmr/m/n/9 Traditional| 
 []


Overfull \hbox (2.30669pt too wide) in paragraph at lines 67--68
[]|\OT1/cmr/m/n/9 Traditional| 
 []


Overfull \hbox (2.30669pt too wide) in paragraph at lines 69--70
[]|\OT1/cmr/m/n/9 Traditional| 
 []


Overfull \hbox (2.30669pt too wide) in paragraph at lines 73--74
[]|\OT1/cmr/m/n/9 Traditional| 
 []


Overfull \hbox (2.30669pt too wide) in paragraph at lines 75--75
[]|\OT1/cmr/m/n/9 Traditional| 
 []


Overfull \hbox (2.30669pt too wide) in paragraph at lines 77--77
[]|\OT1/cmr/m/n/9 Traditional| 
 []


Overfull \hbox (2.30669pt too wide) in paragraph at lines 77--78
[]|\OT1/cmr/m/n/9 Traditional| 
 []


Overfull \hbox (2.30669pt too wide) in paragraph at lines 79--79
[]|\OT1/cmr/m/n/9 Traditional| 
 []


Overfull \hbox (2.30669pt too wide) in paragraph at lines 79--80
[]|\OT1/cmr/m/n/9 Traditional| 
 []


Overfull \hbox (45.15248pt too wide) in paragraph at lines 37--93
[][] 
 []


LaTeX Warning: Float too large for page by 21.76245pt on input line 95.


Overfull \hbox (2.42589pt too wide) in paragraph at lines 101--101
[]|\OT1/cmr/bx/n/9 Predicted| 
 []


Overfull \hbox (2.30669pt too wide) in paragraph at lines 105--105
[]|\OT1/cmr/m/n/9 Traditional| 
 []


Overfull \hbox (2.30669pt too wide) in paragraph at lines 105--106
[]|\OT1/cmr/m/n/9 Traditional| 
 []


Overfull \hbox (2.30669pt too wide) in paragraph at lines 113--113
[]|\OT1/cmr/m/n/9 Traditional| 
 []


Overfull \hbox (2.30669pt too wide) in paragraph at lines 115--115
[]|\OT1/cmr/m/n/9 Traditional| 
 []


Overfull \hbox (2.30669pt too wide) in paragraph at lines 119--119
[]|\OT1/cmr/m/n/9 Traditional| 
 []


Overfull \hbox (2.30669pt too wide) in paragraph at lines 129--129
[]|\OT1/cmr/m/n/9 Traditional| 
 []


Overfull \hbox (2.30669pt too wide) in paragraph at lines 129--130
[]|\OT1/cmr/m/n/9 Traditional| 
 []


Underfull \hbox (badness 10000) in paragraph at lines 131--131
[]|\OT1/cmr/m/n/9 Traditional Ruby Choker and
 []


Overfull \hbox (2.30669pt too wide) in paragraph at lines 131--131
[]|\OT1/cmr/m/n/9 Traditional| 
 []


Overfull \hbox (2.30669pt too wide) in paragraph at lines 133--133
[]|\OT1/cmr/m/n/9 Traditional| 
 []


Overfull \hbox (2.30669pt too wide) in paragraph at lines 133--134
[]|\OT1/cmr/m/n/9 Traditional| 
 []


Overfull \hbox (2.30669pt too wide) in paragraph at lines 139--139
[]|\OT1/cmr/m/n/9 Traditional| 
 []


Overfull \hbox (2.30669pt too wide) in paragraph at lines 143--143
[]|\OT1/cmr/m/n/9 Traditional| 
 []


Overfull \hbox (2.30669pt too wide) in paragraph at lines 143--144
[]|\OT1/cmr/m/n/9 Traditional| 
 []


Overfull \hbox (45.15248pt too wide) in paragraph at lines 99--148
[][] 
 []

[3


] [4] [5]
Overfull \hbox (2.42589pt too wide) in paragraph at lines 157--157
[]|\OT1/cmr/bx/n/9 Predicted| 
 []


Underfull \hbox (badness 10000) in paragraph at lines 159--159
[]|\OT1/cmr/m/n/9 Nakshi Balls
 []


Underfull \hbox (badness 1331) in paragraph at lines 159--159
[]|\OT1/cmr/m/n/9 22 carat gold an-tique fin-ish
 []


Overfull \hbox (2.30669pt too wide) in paragraph at lines 159--159
[]|\OT1/cmr/m/n/9 Traditional| 
 []


Overfull \hbox (2.30669pt too wide) in paragraph at lines 159--159
[]|\OT1/cmr/m/n/9 Traditional| 
 []


Underfull \hbox (badness 10000) in paragraph at lines 161--161
[]|\OT1/cmr/m/n/9 Traditional
 []


Underfull \hbox (badness 1077) in paragraph at lines 161--161
[]|\OT1/cmr/m/n/9 22 carat gold mango haram
 []


Underfull \hbox (badness 1762) in paragraph at lines 161--161
\OT1/cmr/m/n/9 with God-dess Lak-shmi pen-
 []


Overfull \hbox (2.30669pt too wide) in paragraph at lines 161--161
[]|\OT1/cmr/m/n/9 Traditional| 
 []


Underfull \hbox (badness 5302) in paragraph at lines 163--163
\OT1/cmr/m/n/9 out adding any neck jew-
 []


Underfull \hbox (badness 1314) in paragraph at lines 165--165
[]|\OT1/cmr/m/n/9 22 Carat Gold
 []


Underfull \hbox (badness 1331) in paragraph at lines 165--165
[]|\OT1/cmr/m/n/9 22 carat gold an-tique fin-ish
 []


Underfull \hbox (badness 4886) in paragraph at lines 165--165
\OT1/cmr/m/n/9 gold long jhumkas stud-ded
 []


Overfull \hbox (2.30669pt too wide) in paragraph at lines 165--165
[]|\OT1/cmr/m/n/9 Traditional| 
 []


Underfull \hbox (badness 10000) in paragraph at lines 167--167
[]|\OT1/cmr/m/n/9 Latest Tem-
 []


Underfull \hbox (badness 10000) in paragraph at lines 167--167
\OT1/cmr/m/n/9 ple Jew-ellery
 []


Underfull \hbox (badness 1331) in paragraph at lines 167--167
[]|\OT1/cmr/m/n/9 22 carat gold an-tique fin-ish
 []


Overfull \hbox (2.30669pt too wide) in paragraph at lines 167--167
[]|\OT1/cmr/m/n/9 Traditional| 
 []


Overfull \hbox (2.30669pt too wide) in paragraph at lines 167--167
[]|\OT1/cmr/m/n/9 Traditional| 
 []


Underfull \hbox (badness 4872) in paragraph at lines 167--167
[]|\OT1/cmr/m/n/9 Temple Jew-
 []


Underfull \hbox (badness 1466) in paragraph at lines 169--169
[]|\OT1/cmr/m/n/9 Ruby Di-a-mond
 []


Underfull \hbox (badness 10000) in paragraph at lines 171--171
[]|\OT1/cmr/m/n/9 Malabar Gold
 []


Underfull \hbox (badness 1910) in paragraph at lines 171--171
\OT1/cmr/m/n/9 un-cut di-a-mond lay-ered long
 []


Overfull \hbox (2.30669pt too wide) in paragraph at lines 171--171
[]|\OT1/cmr/m/n/9 Traditional| 
 []


Underfull \hbox (badness 10000) in paragraph at lines 173--173
[]|\OT1/cmr/m/n/9 Layered Polki
 []


Underfull \hbox (badness 10000) in paragraph at lines 173--173
[]|\OT1/cmr/m/n/9 Polki di-a-
 []


Underfull \hbox (badness 10000) in paragraph at lines 175--175
[]|\OT1/cmr/m/n/9 Broad Un-
 []


Underfull \hbox (badness 10000) in paragraph at lines 175--175
\OT1/cmr/m/n/9 cut Di-a-mond
 []


Underfull \hbox (badness 1552) in paragraph at lines 175--175
\OT1/cmr/m/n/9 with un-cut chakri di-a-monds
 []


Underfull \hbox (badness 10000) in paragraph at lines 175--175
[]|\OT1/cmr/m/n/9 Uncut di-a-
 []


Underfull \hbox (badness 10000) in paragraph at lines 177--177
\OT1/cmr/m/n/9 Haram cum
 []


Overfull \hbox (22.6019pt too wide) in paragraph at lines 155--180
[][] 
 []


Overfull \hbox (2.42589pt too wide) in paragraph at lines 188--188
[]|\OT1/cmr/bx/n/9 Predicted| 
 []


Underfull \hbox (badness 1348) in paragraph at lines 190--190
[]|\OT1/cmr/m/n/9 18 carat gold beau-ti-ful di-a-
 []


Underfull \hbox (badness 10000) in paragraph at lines 190--190
[]|\OT1/cmr/m/n/9 Diamond
 []


Underfull \hbox (badness 10000) in paragraph at lines 192--192
[]|\OT1/cmr/m/n/9 Beads Mala
 []


Underfull \hbox (badness 10000) in paragraph at lines 192--192
\OT1/cmr/m/n/9 with Di-a-mond
 []


Underfull \hbox (badness 1968) in paragraph at lines 192--192
[]|\OT1/cmr/m/n/9 22 carat gold trendy beads
 []


Underfull \hbox (badness 2326) in paragraph at lines 192--192
\OT1/cmr/m/n/9 mala string with south sea
 []


Underfull \hbox (badness 1990) in paragraph at lines 192--192
\OT1/cmr/m/n/9 stud-ded with di-a-monds and
 []


Overfull \hbox (2.30669pt too wide) in paragraph at lines 192--192
[]|\OT1/cmr/m/n/9 Traditional| 
 []


Underfull \hbox (badness 10000) in paragraph at lines 194--194
[]|\OT1/cmr/m/n/9 Chakri Un-
 []


Underfull \hbox (badness 10000) in paragraph at lines 194--194
\OT1/cmr/m/n/9 cut Di-a-mond
 []


Underfull \hbox (badness 10000) in paragraph at lines 194--194
\OT1/cmr/m/n/9 Neck-lace and
 []


Underfull \hbox (badness 3019) in paragraph at lines 196--196
[]|\OT1/cmr/m/n/9 Polki Di-a-mond
 []


Underfull \hbox (badness 10000) in paragraph at lines 196--196
\OT1/cmr/m/n/9 Neck-lace and
 []


Underfull \hbox (badness 1163) in paragraph at lines 196--196
\OT1/cmr/m/n/9 neck-lace from Mal-abar Gold
 []


Underfull \hbox (badness 1205) in paragraph at lines 196--196
\OT1/cmr/m/n/9 and Di-a-monds stud-ded with
 []


Underfull \hbox (badness 2626) in paragraph at lines 196--196
\OT1/cmr/m/n/9 sev-eral rows of rich polkis,
 []


Underfull \hbox (badness 1092) in paragraph at lines 196--196
[]|\OT1/cmr/m/n/9 Polkis, emer-
 []


Underfull \hbox (badness 10000) in paragraph at lines 198--198
[]|\OT1/cmr/m/n/9 Heavy Chand-
 []


Underfull \hbox (badness 10000) in paragraph at lines 198--198
\OT1/cmr/m/n/9 bali Style
 []


Underfull \hbox (badness 10000) in paragraph at lines 200--200
[]|\OT1/cmr/m/n/9 Colorful
 []


Underfull \hbox (badness 10000) in paragraph at lines 200--200
\OT1/cmr/m/n/9 Navaratna
 []


Underfull \hbox (badness 2142) in paragraph at lines 200--200
\OT1/cmr/m/n/9 of gem-stones and a cen-tral
 []


Overfull \hbox (2.30669pt too wide) in paragraph at lines 200--200
[]|\OT1/cmr/m/n/9 Traditional| 
 []


Overfull \hbox (2.30669pt too wide) in paragraph at lines 200--200
[]|\OT1/cmr/m/n/9 Traditional| 
 []


Underfull \hbox (badness 10000) in paragraph at lines 202--202
[]|\OT1/cmr/m/n/9 Gundla Mala
 []


Underfull \hbox (badness 10000) in paragraph at lines 202--202
\OT1/cmr/m/n/9 and Kun-dan
 []


Underfull \hbox (badness 1424) in paragraph at lines 202--202
[]|\OT1/cmr/m/n/9 Socialite in two line gundla
 []


Underfull \hbox (badness 3514) in paragraph at lines 204--204
[]|\OT1/cmr/m/n/9 Heavy An-tique
 []


Underfull \hbox (badness 10000) in paragraph at lines 204--204
\OT1/cmr/m/n/9 Pen-dant and
 []


Underfull \hbox (badness 4316) in paragraph at lines 204--204
[]|\OT1/cmr/m/n/9 Socialite look-ing el-e-gant in
 []


Underfull \hbox (badness 5667) in paragraph at lines 204--204
\OT1/cmr/m/n/9 heavy an-tique tem-ple pen-
 []


Underfull \hbox (badness 2181) in paragraph at lines 204--204
\OT1/cmr/m/n/9 danam.Checkout Nara Brah-
 []


Overfull \hbox (2.30669pt too wide) in paragraph at lines 204--204
[]|\OT1/cmr/m/n/9 Traditional| 
 []


Underfull \hbox (badness 10000) in paragraph at lines 204--204
[]|\OT1/cmr/m/n/9 Nara brah-
 []


Underfull \hbox (badness 1622) in paragraph at lines 206--206
[]|\OT1/cmr/m/n/9 2 in 1 Haram
 []


Underfull \hbox (badness 1331) in paragraph at lines 206--206
[]|\OT1/cmr/m/n/9 22 carat gold an-tique fin-ish
 []


Overfull \hbox (2.30669pt too wide) in paragraph at lines 206--206
[]|\OT1/cmr/m/n/9 Traditional| 
 []


Overfull \hbox (2.30669pt too wide) in paragraph at lines 206--206
[]|\OT1/cmr/m/n/9 Traditional| 
 []


Underfull \hbox (badness 7759) in paragraph at lines 208--208
[]|\OT1/cmr/m/n/9 Ruby Emer-ald
 []


Underfull \hbox (badness 1616) in paragraph at lines 208--208
[]|\OT1/cmr/m/n/9 22 carat gold ban-gles stud-
 []


Overfull \hbox (22.6019pt too wide) in paragraph at lines 186--211
[][] 
 []


Overfull \hbox (2.42589pt too wide) in paragraph at lines 219--219
[]|\OT1/cmr/bx/n/9 Predicted| 
 []


Underfull \hbox (badness 10000) in paragraph at lines 223--223
[]|\OT1/cmr/m/n/9 Gorgeous bridal di-a-mond
 []


Underfull \hbox (badness 10000) in paragraph at lines 223--223
\OT1/cmr/m/n/9 stud-ded with shim-mer-ing
 []


Underfull \hbox (badness 10000) in paragraph at lines 223--223
[]|\OT1/cmr/m/n/9 Stones
 []


Overfull \hbox (5.6504pt too wide) in paragraph at lines 223--223
[]|\OT1/cmr/m/n/9 Shimmering
 []


Underfull \hbox (badness 4181) in paragraph at lines 226--226
\OT1/cmr/m/n/9 jan Son Wed-
 []

Missing character: There is no â in font cmr9!
Missing character: There is no € in font cmr9!
Missing character: There is no ™ in font cmr9!
Missing character: There is no â in font cmr9!
Missing character: There is no € in font cmr9!
Missing character: There is no ™ in font cmr9!

Underfull \hbox (badness 1460) in paragraph at lines 226--226
\OT1/cmr/m/n/9 Pallavara-jans wed-ding re-cep-
 []


Underfull \hbox (badness 2229) in paragraph at lines 226--226
[]|\OT1/cmr/m/n/9 Actor Pan-di-
 []


Underfull \hbox (badness 10000) in paragraph at lines 228--228
[]|\OT1/cmr/m/n/9 Sangeetha
 []


Underfull \hbox (badness 10000) in paragraph at lines 228--228
\OT1/cmr/m/n/9 in Di-a-mond
 []


Underfull \hbox (badness 10000) in paragraph at lines 228--228
\OT1/cmr/m/n/9 Neck-lace and
 []


Underfull \hbox (badness 5954) in paragraph at lines 228--228
\OT1/cmr/m/n/9 tion. For the oc-cas-sion,
 []


Overfull \hbox (2.30669pt too wide) in paragraph at lines 228--228
[]|\OT1/cmr/m/n/9 Traditional| 
 []


Underfull \hbox (badness 2556) in paragraph at lines 230--230
[]|\OT1/cmr/m/n/9 Beautiful Polki
 []


Underfull \hbox (badness 10000) in paragraph at lines 230--230
[]|\OT1/cmr/m/n/9 South sea
 []


Underfull \hbox (badness 10000) in paragraph at lines 232--232
[]|\OT1/cmr/m/n/9 Peacock
 []


Underfull \hbox (badness 1314) in paragraph at lines 234--234
[]|\OT1/cmr/m/n/9 22 Carat Gold
 []


Underfull \hbox (badness 10000) in paragraph at lines 234--234
\OT1/cmr/m/n/9 teamed up with suit-able
 []


Overfull \hbox (2.30669pt too wide) in paragraph at lines 234--234
[]|\OT1/cmr/m/n/9 Traditional| 
 []


Overfull \hbox (2.30669pt too wide) in paragraph at lines 234--234
[]|\OT1/cmr/m/n/9 Traditional| 
 []


Underfull \hbox (badness 10000) in paragraph at lines 236--236
[]|\OT1/cmr/m/n/9 Arpita Khans
 []


Underfull \hbox (badness 10000) in paragraph at lines 236--236
\OT1/cmr/m/n/9 Wed-ding Jew-
 []


Underfull \hbox (badness 1616) in paragraph at lines 236--236
[]|\OT1/cmr/m/n/9 For both mehendi cer-e-mony
 []


Underfull \hbox (badness 4254) in paragraph at lines 236--236
\OT1/cmr/m/n/9 and wed-ding event, Arpita
 []


Underfull \hbox (badness 10000) in paragraph at lines 238--238
[]|\OT1/cmr/m/n/9 Simple Black
 []


Underfull \hbox (badness 3690) in paragraph at lines 238--238
\OT1/cmr/m/n/9 Beads Man-gal-
 []


Underfull \hbox (badness 10000) in paragraph at lines 240--240
\OT1/cmr/m/n/9 An-tique Jew-
 []


Underfull \hbox (badness 5374) in paragraph at lines 240--240
[]|\OT1/cmr/m/n/9 Actress Tr-isha Kr-ish-nan is
 []


Overfull \hbox (2.30669pt too wide) in paragraph at lines 240--240
[]|\OT1/cmr/m/n/9 Traditional| 
 []


Overfull \hbox (22.6019pt too wide) in paragraph at lines 217--243
[][] 
 []


Overfull \hbox (2.42589pt too wide) in paragraph at lines 251--251
[]|\OT1/cmr/bx/n/9 Predicted| 
 []


Underfull \hbox (badness 10000) in paragraph at lines 253--253
[]|\OT1/cmr/m/n/9 Diamond Pea-
 []


Underfull \hbox (badness 3646) in paragraph at lines 253--253
\OT1/cmr/m/n/9 and pearls and em-bel-lished
 []


Underfull \hbox (badness 10000) in paragraph at lines 253--253
[]|\OT1/cmr/m/n/9 embellished
 []


Underfull \hbox (badness 10000) in paragraph at lines 255--255
[]|\OT1/cmr/m/n/9 Pacchi Mango
 []


Underfull \hbox (badness 1147) in paragraph at lines 255--255
[]|\OT1/cmr/m/n/9 22 carat gold pac-chi mango
 []


Underfull \hbox (badness 10000) in paragraph at lines 255--255
[]|\OT1/cmr/m/n/9 Rubies and
 []


Underfull \hbox (badness 10000) in paragraph at lines 257--257
[]|\OT1/cmr/m/n/9 Diamond
 []


Underfull \hbox (badness 2735) in paragraph at lines 259--259
[]|\OT1/cmr/m/n/9 5 Grams Sim-
 []


Underfull \hbox (badness 1072) in paragraph at lines 259--259
\OT1/cmr/m/n/9 ple black beads man-gal-su-tra
 []


Underfull \hbox (badness 10000) in paragraph at lines 261--261
[]|\OT1/cmr/m/n/9 Ruby Mango
 []


Underfull \hbox (badness 1484) in paragraph at lines 261--261
[]|\OT1/cmr/m/n/9 22 carat gold beau-ti-ful tra-
 []


Overfull \hbox (2.30669pt too wide) in paragraph at lines 261--261
[]|\OT1/cmr/m/n/9 Traditional| 
 []


Underfull \hbox (badness 10000) in paragraph at lines 263--263
[]|\OT1/cmr/m/n/9 Khushbu Sun-
 []


Underfull \hbox (badness 1953) in paragraph at lines 263--263
\OT1/cmr/m/n/9 dar in Gundla
 []


Overfull \hbox (2.30669pt too wide) in paragraph at lines 263--263
[]|\OT1/cmr/m/n/9 Traditional| 
 []


Underfull \hbox (badness 10000) in paragraph at lines 265--265
[]|\OT1/cmr/m/n/9 Light Weight
 []


Underfull \hbox (badness 10000) in paragraph at lines 265--265
[]|\OT1/cmr/m/n/9 uncut Di-a-
 []


Underfull \hbox (badness 10000) in paragraph at lines 267--267
[]|\OT1/cmr/m/n/9 Pacchi Mango
 []


Underfull \hbox (badness 3895) in paragraph at lines 267--267
\OT1/cmr/m/n/9 south sea pearl drops and
 []


Overfull \hbox (2.30669pt too wide) in paragraph at lines 267--267
[]|\OT1/cmr/m/n/9 Traditional| 
 []


Overfull \hbox (2.30669pt too wide) in paragraph at lines 267--267
[]|\OT1/cmr/m/n/9 Traditional| 
 []


Underfull \hbox (badness 10000) in paragraph at lines 269--269
[]|\OT1/cmr/m/n/9 Dazzling di-a-mond neck-lace
 []


Underfull \hbox (badness 10000) in paragraph at lines 269--269
\OT1/cmr/m/n/9 sprin-kled with shim-mer-ing
 []


Underfull \hbox (badness 10000) in paragraph at lines 269--269
\OT1/cmr/m/n/9 ald from Shree Ra-jma-hal
 []


Underfull \hbox (badness 10000) in paragraph at lines 269--269
[]|\OT1/cmr/m/n/9 bridal di-a-
 []


Underfull \hbox (badness 10000) in paragraph at lines 271--271
[]|\OT1/cmr/m/n/9 Simple Di-a-
 []


Underfull \hbox (badness 1173) in paragraph at lines 271--271
\OT1/cmr/m/n/9 e-gant di-a-mond ban-gles from
 []


Underfull \hbox (badness 10000) in paragraph at lines 271--271
[]|\OT1/cmr/m/n/9 Elegant di-a-
 []


Overfull \hbox (22.6019pt too wide) in paragraph at lines 249--275
[][] 
 []


Overfull \hbox (2.42589pt too wide) in paragraph at lines 283--283
[]|\OT1/cmr/bx/n/9 Predicted| 
 []


Underfull \hbox (badness 10000) in paragraph at lines 285--285
[]|\OT1/cmr/m/n/9 Elegant Pearls
 []


Underfull \hbox (badness 10000) in paragraph at lines 285--285
\OT1/cmr/m/n/9 Mala with
 []


Underfull \hbox (badness 10000) in paragraph at lines 285--285
\OT1/cmr/m/n/9 Carved Ruby
 []


Overfull \hbox (2.30669pt too wide) in paragraph at lines 285--285
[]|\OT1/cmr/m/n/9 Traditional| 
 []


Underfull \hbox (badness 6575) in paragraph at lines 287--287
[]|\OT1/cmr/m/n/9 Ansuhka in two tier gold
 []


Underfull \hbox (badness 1067) in paragraph at lines 289--289
\OT1/cmr/m/n/9 in 22 carat gold with in-tri-
 []


Overfull \hbox (2.30669pt too wide) in paragraph at lines 289--289
[]|\OT1/cmr/m/n/9 Traditional| 
 []


Underfull \hbox (badness 10000) in paragraph at lines 291--291
[]|\OT1/cmr/m/n/9 Multistring
 []


Underfull \hbox (badness 7273) in paragraph at lines 291--291
[]|\OT1/cmr/m/n/9 Gorgeous mul-ti-string pearls
 []


Underfull \hbox (badness 1577) in paragraph at lines 291--291
\OT1/cmr/m/n/9 neck-lace with beau-ti-ful gold
 []


Underfull \hbox (badness 4660) in paragraph at lines 291--291
\OT1/cmr/m/n/9 kun-dans and emer-ald from
 []


Underfull \hbox (badness 5403) in paragraph at lines 293--293
[]|\OT1/cmr/m/n/9 Dazzling Ruby
 []


Underfull \hbox (badness 10000) in paragraph at lines 293--293
\OT1/cmr/m/n/9 Di-a-mond Ear-
 []


Underfull \hbox (badness 1715) in paragraph at lines 295--295
[]|\OT1/cmr/m/n/9 Exquisite Polki
 []


Underfull \hbox (badness 3690) in paragraph at lines 295--295
\OT1/cmr/m/n/9 ple Nakshi work vad-danam
 []


Overfull \hbox (2.30669pt too wide) in paragraph at lines 295--295
[]|\OT1/cmr/m/n/9 Traditional| 
 []


Underfull \hbox (badness 10000) in paragraph at lines 295--295
[]|\OT1/cmr/m/n/9 Temple
 []


Underfull \hbox (badness 10000) in paragraph at lines 297--297
[]|\OT1/cmr/m/n/9 Sukumar Wife
 []


Underfull \hbox (badness 10000) in paragraph at lines 297--297
\OT1/cmr/m/n/9 Tabitha in
 []


Underfull \hbox (badness 2922) in paragraph at lines 297--297
[]|\OT1/cmr/m/n/9 Tollywood di-rec-tor Suku-mar
 []


Underfull \hbox (badness 2521) in paragraph at lines 297--297
\OT1/cmr/m/n/9 tra-di-tional sa-ree teamed up
 []


Underfull \hbox (badness 4699) in paragraph at lines 297--297
\OT1/cmr/m/n/9 neck-lace set at "Chakkilig-
 []


Underfull \hbox (badness 10000) in paragraph at lines 299--299
[]|\OT1/cmr/m/n/9 Nakshi Work
 []


Overfull \hbox (2.30669pt too wide) in paragraph at lines 299--299
[]|\OT1/cmr/m/n/9 Traditional| 
 []


Overfull \hbox (2.30669pt too wide) in paragraph at lines 299--299
[]|\OT1/cmr/m/n/9 Traditional| 
 []


Underfull \hbox (badness 10000) in paragraph at lines 299--299
[]|\OT1/cmr/m/n/9 Intricate
 []


Underfull \hbox (badness 10000) in paragraph at lines 301--301
[]|\OT1/cmr/m/n/9 Lord Kr-
 []


Underfull \hbox (badness 10000) in paragraph at lines 301--301
\OT1/cmr/m/n/9 ishna An-tique
 []


Underfull \hbox (badness 2626) in paragraph at lines 301--301
\OT1/cmr/m/n/9 fin-ish Nakshi work jhumkas
 []


Underfull \hbox (badness 7221) in paragraph at lines 301--301
\OT1/cmr/m/n/9 ded with un-cut di-a-monds,
 []


Overfull \hbox (2.30669pt too wide) in paragraph at lines 301--301
[]|\OT1/cmr/m/n/9 Traditional| 
 []


Overfull \hbox (2.30669pt too wide) in paragraph at lines 301--301
[]|\OT1/cmr/m/n/9 Traditional| 
 []


Underfull \hbox (badness 10000) in paragraph at lines 301--301
[]|\OT1/cmr/m/n/9 lord kr-ishna
 []


Underfull \hbox (badness 10000) in paragraph at lines 303--303
[]|\OT1/cmr/m/n/9 Antique Kun-
 []


Underfull \hbox (badness 1331) in paragraph at lines 303--303
[]|\OT1/cmr/m/n/9 22 carat gold an-tique fin-ish
 []


Overfull \hbox (2.30669pt too wide) in paragraph at lines 303--303
[]|\OT1/cmr/m/n/9 Traditional| 
 []


Overfull \hbox (2.30669pt too wide) in paragraph at lines 303--303
[]|\OT1/cmr/m/n/9 Traditional| 
 []


Underfull \hbox (badness 1127) in paragraph at lines 303--303
[]|\OT1/cmr/m/n/9 Antique kun-
 []


Overfull \hbox (22.6019pt too wide) in paragraph at lines 281--307
[][] 
 []

) [6] [7] [8] [9] [10]
\openout2 = `code.aux'.

 (./code.tex
(/usr/local/texlive/2010/texmf-dist/tex/latex/listings/lstlang1.sty
File: lstlang1.sty 2004/09/05 1.3 listings language file
)
(./q2/docclass.py
LaTeX Font Info:    Try loading font information for OMS+cmr on input line 7.
 (/usr/local/texlive/2010/texmf-dist/tex/latex/base/omscmr.fd
File: omscmr.fd 1999/05/25 v2.5h Standard LaTeX font definitions
)
LaTeX Font Info:    Font shape `OMS/cmr/m/n' in size <8> not available
(Font)              Font shape `OMS/cmsy/m/n' tried instead on input line 7.
LaTeX Font Info:    Try loading font information for OML+cmr on input line 10.
(/usr/local/texlive/2010/texmf-dist/tex/latex/base/omlcmr.fd
File: omlcmr.fd 1999/05/25 v2.5h Standard LaTeX font definitions
)
LaTeX Font Info:    Font shape `OML/cmr/m/n' in size <8> not available
(Font)              Font shape `OML/cmm/m/it' tried instead on input line 10.
 [11


] [12]
LaTeX Font Info:    Font shape `OMS/cmr/m/it' in size <8> not available
(Font)              Font shape `OMS/cmsy/m/n' tried instead on input line 171.

[13]) [14] (./q2/feedfilter.py [15])) [16]
\openout2 = `part3.aux'.

 (./part3.tex) [17


]
\openout2 = `tables.aux'.

 (./tables.tex
Overfull \hbox (3.3637pt too wide) in paragraph at lines 25--25
[]|\OT1/cmr/bx/n/10 Precision| 
 []

) [18] (./main.bbl
Overfull \hbox (24.38408pt too wide) in paragraph at lines 4--7
[]\OT1/cmr/m/n/10 Precision and re-call.  http://en.wikipedia.org/wiki/Precisio
n[]and[]recall#Definition[].28classification[]context.29. 
 []

)
Package atveryend Info: Empty hook `BeforeClearDocument' on input line 59.
 [19




]
Package atveryend Info: Empty hook `AfterLastShipout' on input line 59.
 (./main.aux (./part1.aux) (./part2.aux) (./code.aux) (./part3.aux)
(./tables.aux))
Package atveryend Info: Executing hook `AtVeryEndDocument' on input line 59.
Package rerunfilecheck Info: File `main.out' has not changed.
(rerunfilecheck)             Checksum: A8D8E733DF8E0218F1576AC551645F9D;500.


LaTeX Warning: There were multiply-defined labels.

 )
(\end occurred inside a group at level 3)

### semi simple group (level 3) entered at line 4 (\begingroup)
### semi simple group (level 2) entered at line 4 (\begingroup)
### semi simple group (level 1) entered at line 4 (\begingroup)
### bottom level 
Here is how much of TeX's memory you used:
 9222 strings out of 493747
 134171 string characters out of 3143546
 776358 words of memory out of 3000000
 11869 multiletter control sequences out of 15000+200000
 12249 words of font info for 44 fonts, out of 3000000 for 9000
 714 hyphenation exceptions out of 8191
 41i,11n,45p,400b,1913s stack positions out of 5000i,500n,10000p,200000b,50000s
</usr/local/texlive/2010/texmf-dist/fonts/type1/public/amsfonts
/cm/cmbx10.pfb></usr/local/texlive/2010/texmf-dist/fonts/type1/public/amsfonts/
cm/cmbx12.pfb></usr/local/texlive/2010/texmf-dist/fonts/type1/public/amsfonts/c
m/cmbx8.pfb></usr/local/texlive/2010/texmf-dist/fonts/type1/public/amsfonts/cm/
cmbx9.pfb></usr/local/texlive/2010/texmf-dist/fonts/type1/public/amsfonts/cm/cm
mi10.pfb></usr/local/texlive/2010/texmf-dist/fonts/type1/public/amsfonts/cm/cmm
i8.pfb></usr/local/texlive/2010/texmf-dist/fonts/type1/public/amsfonts/cm/cmr10
.pfb></usr/local/texlive/2010/texmf-dist/fonts/type1/public/amsfonts/cm/cmr12.p
fb></usr/local/texlive/2010/texmf-dist/fonts/type1/public/amsfonts/cm/cmr17.pfb
></usr/local/texlive/2010/texmf-dist/fonts/type1/public/amsfonts/cm/cmr8.pfb></
usr/local/texlive/2010/texmf-dist/fonts/type1/public/amsfonts/cm/cmr9.pfb></usr
/local/texlive/2010/texmf-dist/fonts/type1/public/amsfonts/cm/cmsy10.pfb></usr/
local/texlive/2010/texmf-dist/fonts/type1/public/amsfonts/cm/cmsy8.pfb></usr/lo
cal/texlive/2010/texmf-dist/fonts/type1/public/amsfonts/cm/cmti10.pfb></usr/loc
al/texlive/2010/texmf-dist/fonts/type1/public/amsfonts/cm/cmti8.pfb></usr/local
/texlive/2010/texmf-dist/fonts/type1/public/amsfonts/cm/cmtt10.pfb>
Output written on main.pdf (20 pages, 279789 bytes).
PDF statistics:
 698 PDF objects out of 1000 (max. 8388607)
 653 compressed objects within 7 object streams
 421 named destinations out of 1000 (max. 500000)
 73 words of extra memory for PDF output out of 10000 (max. 10000000)

