5cb5a136b0497c3a898cb5f147b66666 http://taracastle.tumblr.com
836dccedda2b72302e91b069c61b53f8 http://WELOVECHAERIN.COM
9563a84eb31f7c56fb7b5689eeea4099 http://fuck-thatsdelicious.tumblr.com/
b85ace1eb69abb157cb50c4095091c56 http://www.hallmarkbaby.com
2c4dcb34f464a22553580df241dc60ee http://artindigenous.wordpress.com/
0a3947cef0cf369d62503a41a80fdac6 http://iswimwithissues.net/
e6013bad25bd7a1028e1ebee26d7761e https://www.facebook.com/AbhayRamNandamurifanz
27a6962126f8362510225fc5d8fd3727 http://www.redsrugby.com.au/
3dc862417c007575b8e5e685a77aa4b6 http://ask.fm/zayncutestgifs
e029d4da5600ca57a6ee6cedfa228d24 http://robbydonoho.weebly.com
f31abc089863792f05e48402cc21eb95 http://rachelinlondon.wordpress.com/
cf5faa33e7a658d81e4caad349d4cad5 http://LILDEBBIE.ORG
ff7e11a324322b9307b79d3d107555e0 https://www.facebook.com/SneakerShouts
b1150b1dcaf1ed7d3636561085a55268 http://www.kk-allen.com
f32b9a52278b229c28976fb172878d6a http://www.youtube.com/user/TheGabbieShow
ba63c7780a8887c6291c5d29eeb26578 http://instagram.com/yoteensig
ccac368bc1ffadefb7aa055444b45c8a https://soundcloud.com/travisscott-2/04-drugs-you-should-try-it
e227f7ce827c965c4f3efeb5e072f3b4 https://www.facebook.com/PupsPorn
0c94038e492e511fde6051c9e8f2d12b http://goosepancake.tumblr.com
d7d28a1ba7c7b2706156d60242e76fa7 http://fox59.com/
1a1c67d0f97ba36ea8b254267933061f http://www.abc.net.au/mediawatch/
1c28e2cb437bbaa45f4a799c7d4b1aaa http://greatsss.com
a34cea370b787b16d3cecd34c062362c http://ultimate-dickhead.tumblr.com/
8b72f67d454888326495f7d686ff07c2 http://tweetsta.com/index.php
80f2ca6b52a7b93f1287c0f459bf6dd7 http://itssongoku.tumblr.com
2fe1e700f6049cf1d37012bf6fd76288 https://twitter.com/zilliamson
1318dd617474c1fd04e9da41e8b21d76 http://socialistworker.co.uk
2d9d141a31fcc369f6adb699f43ad273 http://www.enzozelocchi.com
65df96316d6e1994316adc56fdd96491 http://www.youtube.com/watch?v=VAPI0ciXs6A&feature=youtu.be
4668da8f73de51e14dd24f50161b9c28 http://www.rageon.com/collections/pokemon/?rageon.com
82d1d13b747b168a47bcdb42051dc0e3 http://www.youtube.com/user/FreeFallingHQ
00844d0c3f0ebbdd518d9cf2e77efe52 http://www.youtube.com/watch?v=frNsJvV5zAs&feature=youtu.be
4b58e9674be247bc7c2768c1b320a6aa http://cespedesfamilybarbecue.com/about/
552fc11084aea84bdc99bc9ef72dac0b http://www.natethehitmaker.com/
e70539fccdbed546db13d7eeb35e844f http://ImMackenson.com
90e4b74ba16fc8f1a4b366cdb263e61c http://anhonestyear.com/
483db91dfe7a24b2967f9061d9c81f1b http://www.romeolacoste.com
fe5f1d7a5d0f14a7d96b804cd9228666 http://smarturl.it/RFLT
bc4605198469ce593cbfe1618a01e15b http://proguitarshop.com/
3bd61f876f36b90c581d9ffb8e493c6d http://ohholybutt.tumblr.com
b7e24a60c933ca433da98f351c101ede http://Instagram.com/lawsofsex
8a373d206b0dfe155604d33ee839cab0 http://www.photografyum.com
9875c3f09b696b861294860dd5ba48b7 http://www.hrtv.com
b6917d4cf55918335775fc77a8943f44 http://sensualgif.tumblr.com/
bde865b3dfc14ea228f71efa7dcaff1c http://kushoverboys.tumblr.com
a4d210430013cb5caa4295c96c127569 http://www.ew.com/ew/
70409fd6bf2d371e64b5cf832e5c2df4 https://31.media.tumblr.com/d0c4823d0bb16aa36fb99fba8b366140/tumblr_n7bi03tXo51t7eg8go3_250.gif
05f07cbdcf7b02b5e7d90098ccec9755 http://english.alarabiya.net/
155827cff968a444d719706efa4561e9 https://twitter.com/nationofbiebs/status/457342650874474496
ea39e5ba49746ebea802221701343ba6 http://www.womenshealthmag.com
25c80111765f03c18572a7b7c44d601f https://www.etsy.com/shop/StarSpangledChic
68668767ec8c4c7dba68678ead34602c http://barracudabrigade.blogspot.com/
469dde9e8c788669df44eff23d2348eb http://dunyanews.tv/
0bcbdd698377e1add34cda627d8c2790 https://twitter.com/_markyymark/status/513526557646651392
bbded04af7d19f0fffc7737d538f661b http://aquafina-bisshh.tumblr.com
89f63d486da6482a3a8d83886956b861 http://Instagram.com/tatjanaboehmig
8e1009b7dbbdcd84408d4a609b0b5480 https://www.facebook.com/doherty4Harbour
7303a8ff03b09abed007cc62986fdbed http://www.rabbitohs.com.au
3d8e42d0135a59518d67ff6e2147a262 http://followback.me/shepherdgregory
331b3c03cf458d1906d134f7f6e8638c http://motivationathletics.com/
50f8d6ab415d07e260d74bb66a6f6414 https://www.facebook.com/MEMES.of.the.NFL
2074f83c8ecd80edb1692ac97da0a4cc http://thejanetales.blogspot.com
00a8ff411899cca3c7487fa56331730a http://fukyodamnpictures.tumblr.com
4f594194a936689111c52aa30b7e9df7 http://www.streamate.com
de131d0e58d22bc92e1489787ed302f3 http://soulstumped.tumblr.com
3fb558235c8dd2a2200b2cde3dd08061 http://everything-friends.tumblr.com/#_=_
5e759287665cdbda25e80c7200083bf4 http://instagram.com/snapegram
fff2967536b9c8b75fe5aabb45591ffb https://twitter.com/miluskamendoza/status/498403797816078336
593446e4e89ac10c0c05c8906bb6bfaf http://banksy.co.uk
69616544de48979a141c0b2c09c9de53 https://soundcloud.com/alex-basedmessiah-wright
a99fe3c22b413e5949e0b56f9512b7e5 http://col3w0rldd.tumblr.com
5d434fb02e51cf975b4354388c66ef0f http://www.polkaudio.com
e68bc05dfa6754f694cea3fa674133c5 http://www.amctv.com/
2b89a3c329939a96fec09110d7d596bf https://www.facebook.com/jamesdayart
622a09ed551d9ee882b0fabec4df100f http://twdg.tumblr.com
8cdeffbdd3ba287ae75790472830cbfe http://lucddreamer.tumblr.com
137592203100ac71d4a41ee9abf03668 http://trendingstatus.com
58d581a125d7a350977946ef9ec8e8f7 http://berriesandjuices.tumblr.com/
c16d7872fbc1e01731b5b91fce4b7501 https://www.facebook.com/WeirdHacks
6128b969129cc776642ced3fc024aacf http://www.youtube.com/watch?v=aYJ9NTHYmhs&app=desktop
5da07fa8dd817c894f618c9764c1c3b0 http://Instagram.com/Ambrose_Moxley_Fan
21d34d553a3e62e8d2514cebbfa71d69 http://exquisiteregions.tumblr.com
c30732fa45bb6bcbb89b1863e2659636 http://aWebBiz.com
65c5277717e58f1c926d557a9fc28eb8 http://instagram.com/nthanl
6aca27648f6768811c1d9b3865edb439 http://duniasone.tumblr.com
7f51df02661235e4710be663d83332b0 http://www.audiomack.com/album/av-1/success
8a7c409b9cf7f06668698bcb42a5ee06 https://soundcloud.com/dyenero
dc659ffdc832accbcd69b6469fc7d8be http://www.imdb.com/name/nm3859624/
90b407db959d26de102622851fee1c40 https://twitter.com/quitenash/status/513891171324944384
dfff4ad4884d9ec3a2dd8fa57bdff769 http://www.theScore.com
bf6657a47eea38807570fa88bd3e32bd http://iamnamelessgem.tumblr.com
4b162ddb38cb027ec38b898dbd7941bf http://www.chargers.com
fc715cce629c4a7a80c5fc1a68ea8f21 http://zeenews.india.com/
7693399c1483e7cd08dd505afa128b55 http://www.ign.com
448e32a8b09742b2ea2deb8c459cf902 https://www.facebook.com/KillerKitschDesigns
118e3e4ceb2cba546cb88a8c517826a2 http://Instagram.com/sammytellem
c9a9b2b13fa8c8c0ce28250ba5c64821 https://www.youtube.com/watch?v=b_iOcvrWqn4&feature=youtu.be
da82fad7bc4d84ccdfd8c291e25fba89 http://www.indonesia-zsolt72.blogspot.com
b903ae18cc7b48e0d413bffd7556ae62 https://www.facebook.com/MatthewKoma
8e80c2d6b96ed8e46e1de2baf1ef203e https://twitter.com/tampacrxw/status/507293348844298240
